Standard Output:
============================= test session starts ==============================
platform darwin -- Python 3.8.8, pytest-6.2.3, py-1.10.0, pluggy-0.13.1
rootdir: /Users/kevincui/Desktop/LLM-Evaluation
plugins: anyio-4.3.0
collected 10 items

temp/TaskManagerTest.py F.FFFFFF..                                       [100%]

=================================== FAILURES ===================================
_______________ TaskManagerTest.testAddTaskWithDateManipulation ________________

self = <TaskManagerTest.TaskManagerTest testMethod=testAddTaskWithDateManipulation>

    def testAddTaskWithDateManipulation(self):
        taskManager = TaskManager()
        startDate = date(2024, 10, 1)  # Set specific start date
        endDate = startDate + timedelta(days=30) - timedelta(weeks=1) + timedelta(days=3)  # Date manipulation
    
        task = Task(1, "Ibrahim", "Complex Date Task", "Start-End Date", startDate, endDate)
        taskManager.addTask(task)
    
>       self.assertTrue(task.getEndDate() > task.getStartDate())  # End date after start date
E       AttributeError: 'Task' object has no attribute 'getEndDate'

temp/TaskManagerTest.py:17: AttributeError
_______________________ TaskManagerTest.testOverdueTask ________________________

self = <TaskManagerTest.TaskManagerTest testMethod=testOverdueTask>

    def testOverdueTask(self):
        taskManager = TaskManager()
        startDate = date(2024, 9, 1)  # Start date in the past
        dueDate = date(2024, 9, 10)  # Overdue by now (October 2024)
    
        task = Task(1, "Ibrahim", "Overdue Task", "Overdue Test", startDate, dueDate)
        taskManager.addTask(task)
    
>       self.assertTrue(date.today() > task.getEndDate())
E       AttributeError: 'Task' object has no attribute 'getEndDate'

temp/TaskManagerTest.py:48: AttributeError
___________ TaskManagerTest.testOverlappingTasksWithDifferentOwners ____________

self = <TaskManagerTest.TaskManagerTest testMethod=testOverlappingTasksWithDifferentOwners>

    def testOverlappingTasksWithDifferentOwners(self):
        taskManager = TaskManager()
        task1 = Task(1, "Ibrahim", "Overlapping Task 1", "This task overlaps with another task.",
                      date(2024, 9, 1), date(2024, 9, 15))
        task2 = Task(2, "Kevin", "Overlapping Task 2", "This task overlaps with task 1.",
                      date(2024, 9, 10), date(2024, 9, 20))
        task3 = Task(3, "Ibrahim", "Overlapping Task 3", "Another overlapping task for Ibrahim.",
                      date(2024, 9, 5), date(2024, 9, 12))
    
        taskManager.addTask(task1)
        taskManager.addTask(task2)
        taskManager.addTask(task3)
    
        self.assertEqual(3, len(taskManager.getAllTasks()))
>       self.assertTrue(task1.getEndDate() > task2.getStartDate())
E       AttributeError: 'Task' object has no attribute 'getEndDate'

temp/TaskManagerTest.py:77: AttributeError
____________ TaskManagerTest.testRemoveTaskAndCompletionDateInPast _____________

self = <TaskManagerTest.TaskManagerTest testMethod=testRemoveTaskAndCompletionDateInPast>

    def testRemoveTaskAndCompletionDateInPast(self):
        taskManager = TaskManager()
        startDate = date(2024, 9, 1)
        endDate = startDate + timedelta(weeks=2)  # Ends in mid-September
    
        task = Task(1, "Ibrahim", "Remove Task", "Completion Test", startDate, endDate)
        taskManager.addTask(task)
        taskManager.markTaskAsCompleted(task)
        taskManager.removeTask(task)
    
        completedDate = date(2024, 9, 18)  # Set completion date in the past
>       task.setCompletionDate(completedDate)
E       AttributeError: 'Task' object has no attribute 'setCompletionDate'

temp/TaskManagerTest.py:33: AttributeError
________________ TaskManagerTest.testSequentialTaskDependencies ________________

self = <TaskManagerTest.TaskManagerTest testMethod=testSequentialTaskDependencies>

    def testSequentialTaskDependencies(self):
        taskManager = TaskManager()
        task1 = Task(1, "Ibrahim", "Task 1", "First task in a sequence.",
                    date(2024, 9, 1), date(2024, 9, 5))
        task2 = Task(2, "Kevin", "Task 2", "Dependent task.",
                    date(2024, 9, 6), date(2024, 9, 10))
    
        taskManager.addTask(task1)
        taskManager.addTask(task2)
    
        taskManager.markTaskAsCompleted(task1)
    
        self.assertEqual(1, len(taskManager.getCompletedTasks()))
>       self.assertTrue(task2.getStartDate() > task1.getEndDate())
E       AttributeError: 'Task' object has no attribute 'getStartDate'

temp/TaskManagerTest.py:106: AttributeError
_______________ TaskManagerTest.testShuffleTaskAndDateValidation _______________

self = <TaskManagerTest.TaskManagerTest testMethod=testShuffleTaskAndDateValidation>

    def testShuffleTaskAndDateValidation(self):
        taskManager = TaskManager()
        task1 = Task(1, "Ibrahim", "Task 1", "Start Date Shift", date(2024, 9, 1), date(2024, 9, 10))
        task2 = Task(2, "Kevin", "Task 2", "Due Date Shift", date(2024, 9, 5), date(2024, 9, 20))
        taskManager.addTask(task1)
        taskManager.addTask(task2)
    
        taskManager.shiftTaskAround(task1, 1)  # Shift task2 position
>       self.assertTrue(taskManager.getAllTasks()[0].getStartDate() > taskManager.getAllTasks()[1].getStartDate())
E       AttributeError: 'Task' object has no attribute 'getStartDate'

temp/TaskManagerTest.py:60: AttributeError
__________________ TaskManagerTest.testTaskCompletionUpdates ___________________

self = <TaskManagerTest.TaskManagerTest testMethod=testTaskCompletionUpdates>

    def testTaskCompletionUpdates(self):
        taskManager = TaskManager()
        task = Task(1, "Ibrahim", "Task for Completion", "Task to test completion updates.",
                    date(2024, 9, 1), date(2024, 9, 15))
        taskManager.addTask(task)
    
        task.markAsCompleted()
>       task.setCompletionDate(date.today())
E       AttributeError: 'Task' object has no attribute 'setCompletionDate'

temp/TaskManagerTest.py:87: AttributeError
=========================== short test summary info ============================
FAILED temp/TaskManagerTest.py::TaskManagerTest::testAddTaskWithDateManipulation
FAILED temp/TaskManagerTest.py::TaskManagerTest::testOverdueTask - AttributeE...
FAILED temp/TaskManagerTest.py::TaskManagerTest::testOverlappingTasksWithDifferentOwners
FAILED temp/TaskManagerTest.py::TaskManagerTest::testRemoveTaskAndCompletionDateInPast
FAILED temp/TaskManagerTest.py::TaskManagerTest::testSequentialTaskDependencies
FAILED temp/TaskManagerTest.py::TaskManagerTest::testShuffleTaskAndDateValidation
FAILED temp/TaskManagerTest.py::TaskManagerTest::testTaskCompletionUpdates - ...
========================= 7 failed, 3 passed in 0.13s ==========================

Standard Error:
